2021-01-09 18:56:23,749 DEBUG: 4037994  -  131.4 Kb/s
2021-01-09 19:00:45,644 DEBUG: Downloading file:20210108493097.txt
2021-01-09 19:01:13,383 DEBUG: 4037994  -  131.4 Kb/s
2021-01-09 19:03:32,604 DEBUG: Downloading file:20210108493097.txt
2021-01-09 19:03:50,350 DEBUG: File size is 4037994  - speed is 131.4 Kb/s
2021-01-10 10:42:15,908 INFO: Downloading file:20210108493097.txt
2021-01-10 10:42:30,691 INFO: File size is 4037994  - speed is 131.4 Kb/s
2021-01-10 10:43:22,785 INFO: Success download file: 20210108493097.txt... 65.997558s. 
2021-01-12 08:53:52,415 INFO: ============================ FTP Client System restart ============================

2021-01-12 08:55:30,609 INFO: ============================ FTP Client System restart ============================

2021-01-12 08:58:36,475 INFO: ============================ FTP Client System restart ============================

2021-01-12 08:59:49,123 INFO: ============================ FTP Client System restart ============================

2021-01-12 08:59:55,570 ERROR: Error!
2021-01-12 09:00:24,913 INFO: ============================ FTP Client System restart ============================

2021-01-12 09:02:30,207 INFO: ============================ FTP Client System restart ============================

2021-01-12 09:03:11,908 INFO: ============================ FTP Client System restart ============================

2021-01-12 09:03:15,024 DEBUG: eeeeeeeeeee
2021-01-12 09:03:17,510 DEBUG: eeeeeeeeeee
2021-01-12 09:06:10,128 INFO: ============================ FTP Client System restart ============================

2021-01-12 09:09:34,486 INFO: ============================ FTP Client System restart ============================

2021-01-12 09:12:03,832 INFO: ============================ FTP Client System restart ============================

2021-01-12 09:13:23,001 INFO: ============================ FTP Client System restart ============================

2021-01-14 09:32:39,828 INFO: ============================ FTP Client System restart ============================

2021-04-20 09:35:28,086 INFO: ============================ FTP Client System restart ============================

2021-04-20 09:35:28,086 INFO: Login FTP Server outbound

2021-04-20 09:36:00,663 INFO: ============================ FTP Client System restart ============================

2021-04-20 09:36:00,665 INFO: Login FTP Server outbound

